{
  "RSpec": {
    "coverage": {
      "/Users/Ed/Desktop/Sublime_Workspace_Personal/methodic/example_work/card_shuffler/spec/models/card_spec.rb": [
        1,
        null,
        1,
        1,
        1,
        null,
        null,
        1,
        1,
        null,
        null,
        1,
        2,
        null,
        null,
        1,
        2,
        null,
        null,
        1,
        null,
        1,
        1,
        1,
        null,
        null,
        1,
        1,
        1,
        null,
        null,
        null,
        null,
        1,
        null,
        1,
        1,
        1,
        null,
        null,
        1,
        1,
        1,
        null,
        null,
        null,
        null,
        1,
        null,
        1,
        14,
        1,
        null,
        null,
        1,
        1,
        1,
        null,
        null,
        null,
        null,
        1,
        null,
        1,
        1,
        34,
        1,
        null,
        null,
        null,
        null
      ],
      "/Users/Ed/Desktop/Sublime_Workspace_Personal/methodic/example_work/card_shuffler/spec/rails_helper.rb": [
        null,
        1,
        1,
        1,
        1,
        null,
        null,
        null,
        null,
        null,
        null,
        null,
        null,
        null,
        null,
        null,
        null,
        null,
        null,
        null,
        null,
        null,
        null,
        null,
        1,
        null,
        1,
        null,
        1,
        null,
        null,
        null,
        null,
        1,
        null,
        null,
        null,
        null,
        null,
        null,
        null,
        null,
        null,
        null,
        null,
        null,
        null,
        null,
        1,
        null
      ],
      "/Users/Ed/Desktop/Sublime_Workspace_Personal/methodic/example_work/card_shuffler/config/environment.rb": [
        null,
        1,
        null,
        null,
        1
      ],
      "/Users/Ed/Desktop/Sublime_Workspace_Personal/methodic/example_work/card_shuffler/config/application.rb": [
        1,
        null,
        1,
        null,
        1,
        1,
        1,
        1,
        1,
        1,
        1,
        null,
        null,
        null,
        null,
        1,
        null,
        1,
        1,
        null,
        null,
        null,
        null,
        null,
        null,
        null,
        null,
        null,
        null,
        null,
        null,
        null,
        1,
        null,
        null
      ],
      "/Users/Ed/Desktop/Sublime_Workspace_Personal/methodic/example_work/card_shuffler/config/boot.rb": [
        1,
        null,
        1
      ],
      "/Users/Ed/Desktop/Sublime_Workspace_Personal/methodic/example_work/card_shuffler/config/environments/test.rb": [
        1,
        null,
        null,
        null,
        null,
        null,
        null,
        1,
        null,
        null,
        null,
        null,
        1,
        null,
        null,
        1,
        1,
        null,
        null,
        1,
        1,
        null,
        null,
        1,
        null,
        null,
        1,
        null,
        null,
        null,
        null,
        1,
        null,
        null,
        1,
        null,
        null,
        1,
        null,
        null,
        null,
        null
      ],
      "/Users/Ed/Desktop/Sublime_Workspace_Personal/methodic/example_work/card_shuffler/config/initializers/assets.rb": [
        null,
        null,
        null,
        1,
        null,
        null,
        null,
        null,
        null,
        null,
        null
      ],
      "/Users/Ed/Desktop/Sublime_Workspace_Personal/methodic/example_work/card_shuffler/config/initializers/backtrace_silencers.rb": [
        null,
        null,
        null,
        null,
        null,
        null,
        null
      ],
      "/Users/Ed/Desktop/Sublime_Workspace_Personal/methodic/example_work/card_shuffler/config/initializers/cookies_serializer.rb": [
        null,
        null,
        1
      ],
      "/Users/Ed/Desktop/Sublime_Workspace_Personal/methodic/example_work/card_shuffler/config/initializers/filter_parameter_logging.rb": [
        null,
        null,
        null,
        1
      ],
      "/Users/Ed/Desktop/Sublime_Workspace_Personal/methodic/example_work/card_shuffler/config/initializers/inflections.rb": [
        null,
        null,
        null,
        null,
        null,
        null,
        null,
        null,
        null,
        null,
        null,
        null,
        null,
        null,
        null,
        null
      ],
      "/Users/Ed/Desktop/Sublime_Workspace_Personal/methodic/example_work/card_shuffler/config/initializers/mime_types.rb": [
        null,
        null,
        null,
        null
      ],
      "/Users/Ed/Desktop/Sublime_Workspace_Personal/methodic/example_work/card_shuffler/config/initializers/session_store.rb": [
        null,
        null,
        1
      ],
      "/Users/Ed/Desktop/Sublime_Workspace_Personal/methodic/example_work/card_shuffler/config/initializers/wrap_parameters.rb": [
        null,
        null,
        null,
        null,
        null,
        null,
        1,
        1,
        null,
        null,
        null,
        null,
        null,
        null
      ],
      "/Users/Ed/Desktop/Sublime_Workspace_Personal/methodic/example_work/card_shuffler/config/routes.rb": [
        1,
        null,
        1,
        null,
        1,
        null,
        null
      ],
      "/Users/Ed/Desktop/Sublime_Workspace_Personal/methodic/example_work/card_shuffler/app/helpers/application_helper.rb": [
        1,
        null
      ],
      "/Users/Ed/Desktop/Sublime_Workspace_Personal/methodic/example_work/card_shuffler/app/models/card.rb": [
        null,
        null,
        null,
        null,
        1,
        1,
        1,
        1,
        1,
        1,
        null,
        1,
        1,
        1,
        1,
        1,
        1,
        null,
        1,
        null,
        1,
        2870,
        2870,
        null,
        2870,
        2869,
        null,
        null,
        null,
        1,
        4,
        null,
        null,
        null,
        1,
        2,
        null,
        null,
        null,
        1,
        3130,
        3130,
        null,
        null,
        null,
        1,
        89,
        89,
        89,
        null,
        null,
        null
      ],
      "/Users/Ed/Desktop/Sublime_Workspace_Personal/methodic/example_work/card_shuffler/spec/models/card_stack_spec.rb": [
        1,
        null,
        1,
        null,
        1,
        1,
        1,
        2,
        null,
        null,
        null,
        1,
        1,
        1,
        1,
        1,
        1,
        null,
        1,
        null,
        null,
        null,
        1,
        1,
        1,
        2,
        null,
        null,
        1,
        1,
        2,
        null,
        null,
        null,
        1,
        1,
        1,
        1,
        1,
        1,
        null,
        1,
        null,
        null,
        1,
        1,
        2,
        null,
        null,
        null,
        1,
        1,
        3,
        1,
        1,
        null,
        1,
        null,
        1,
        null,
        null,
        1,
        3,
        1,
        null,
        1,
        null,
        1,
        null,
        null,
        1,
        3,
        1,
        1,
        null,
        1,
        null,
        1,
        null,
        null,
        1,
        3,
        1,
        2,
        null,
        null,
        null,
        1,
        1,
        3,
        1,
        1,
        null,
        1,
        null,
        null,
        1,
        3,
        1,
        1,
        null,
        1,
        null,
        1,
        null,
        null,
        null,
        1,
        1,
        1,
        null,
        null,
        1,
        1,
        1,
        1,
        1,
        null,
        1,
        null,
        null,
        1,
        1,
        1,
        1,
        1,
        1,
        null,
        1,
        null,
        null,
        1,
        1,
        1,
        1,
        1,
        null,
        1,
        null,
        null,
        1,
        1,
        1,
        1,
        1,
        1,
        null,
        1,
        null,
        null,
        null,
        1,
        1,
        3,
        1,
        null,
        1,
        null,
        null,
        null,
        1,
        1,
        1,
        1,
        1,
        6,
        2,
        null,
        null,
        1,
        1,
        1,
        1,
        null,
        null,
        1,
        1,
        1,
        1,
        6,
        2,
        null,
        null,
        1,
        null,
        1,
        1,
        null,
        null,
        null
      ],
      "/Users/Ed/Desktop/Sublime_Workspace_Personal/methodic/example_work/card_shuffler/app/models/card_stack.rb": [
        null,
        null,
        null,
        1,
        null,
        1,
        145,
        145,
        585,
        585,
        null,
        null,
        null,
        null,
        1,
        4233,
        4232,
        null,
        null,
        null,
        1,
        1475,
        null,
        null,
        null,
        null,
        1,
        651,
        649,
        null,
        649,
        null,
        null,
        null,
        1,
        767,
        null,
        766,
        766,
        766,
        null,
        null,
        null,
        1,
        524,
        null,
        481,
        481,
        null,
        480,
        null,
        null,
        null,
        null,
        1,
        3,
        3,
        null,
        3,
        null,
        null,
        null,
        1,
        5236,
        null,
        null,
        null,
        1,
        66,
        66,
        3048,
        3048,
        null,
        66,
        null,
        null,
        null,
        null,
        null,
        1,
        25,
        null,
        null,
        25,
        null,
        25,
        null,
        25,
        579,
        null,
        null,
        null,
        1,
        null,
        1,
        5469,
        null,
        null,
        1,
        2370,
        null,
        null,
        null,
        null,
        1,
        2370,
        1096,
        null,
        null,
        null
      ],
      "/Users/Ed/Desktop/Sublime_Workspace_Personal/methodic/example_work/card_shuffler/spec/models/deck_spec.rb": [
        1,
        null,
        1,
        null,
        1,
        1,
        1,
        1,
        null,
        1,
        52,
        null,
        null,
        1,
        null,
        null,
        1,
        1,
        1,
        1,
        null,
        1,
        52,
        null,
        null,
        1,
        null,
        null,
        1,
        1,
        1,
        1,
        null,
        1,
        52,
        null,
        null,
        29,
        29,
        1,
        null,
        null,
        1,
        1,
        1,
        null,
        null,
        null
      ],
      "/Users/Ed/Desktop/Sublime_Workspace_Personal/methodic/example_work/card_shuffler/spec/services/shuffler_spec.rb": [
        1,
        null,
        1,
        1,
        50,
        50,
        50,
        null,
        null,
        1,
        8,
        8,
        null,
        null,
        8,
        8,
        null,
        null,
        8,
        8,
        null,
        null,
        8,
        8,
        null,
        null,
        8,
        8,
        8,
        8,
        null,
        null,
        null,
        1,
        1,
        5,
        5,
        null,
        null,
        1,
        null,
        null,
        1,
        1,
        7,
        7,
        null,
        null,
        1,
        null,
        1,
        1,
        null,
        null,
        1,
        1,
        1,
        1,
        null,
        null,
        null,
        1,
        1,
        7,
        7,
        null,
        null,
        1,
        null,
        1,
        1,
        null,
        null,
        1,
        1,
        null,
        null,
        null,
        1,
        1,
        7,
        7,
        null,
        null,
        1,
        null,
        1,
        1,
        null,
        null,
        1,
        7,
        1,
        1,
        null,
        1,
        1,
        1,
        5,
        null,
        null,
        1,
        null,
        null,
        null,
        1,
        1,
        7,
        7,
        null,
        null,
        1,
        null,
        1,
        1,
        null,
        null,
        1,
        7,
        1,
        1,
        null,
        1,
        1,
        1,
        5,
        null,
        null,
        1,
        null,
        null,
        null,
        1,
        1,
        6,
        6,
        null,
        null,
        1,
        null,
        1,
        7,
        1,
        1,
        null,
        1,
        1,
        1,
        5,
        null,
        null,
        1,
        null,
        null,
        null,
        1,
        1,
        6,
        6,
        null,
        null,
        1,
        null,
        1,
        7,
        1,
        1,
        null,
        1,
        1,
        1,
        5,
        null,
        null,
        1,
        null,
        null,
        null,
        1,
        1,
        5,
        5,
        null,
        null,
        1,
        null,
        null
      ],
      "/Users/Ed/Desktop/Sublime_Workspace_Personal/methodic/example_work/card_shuffler/app/services/shuffler.rb": [
        null,
        null,
        null,
        null,
        null,
        1,
        null,
        1,
        6,
        null,
        null,
        null,
        1,
        null,
        9,
        2,
        null,
        7,
        7,
        7,
        null,
        9,
        null,
        null,
        null,
        null,
        1,
        8,
        null,
        8,
        7,
        7,
        null,
        7,
        0,
        null,
        7,
        7,
        null,
        null,
        null,
        7,
        null,
        null,
        0,
        0,
        null,
        0,
        null,
        0,
        null,
        null,
        0,
        null,
        null,
        0,
        0,
        null,
        null,
        0,
        0,
        null,
        0,
        null,
        0,
        null,
        null,
        7,
        null,
        null,
        null,
        null,
        8,
        null,
        null,
        null,
        null,
        1,
        9,
        null,
        9,
        8,
        null,
        null,
        8,
        null,
        null,
        null,
        8,
        185,
        null,
        null,
        null,
        null,
        9,
        null,
        null,
        null,
        null,
        null,
        1,
        null,
        27,
        9,
        185,
        370,
        null,
        null,
        null,
        null,
        null,
        9,
        null,
        9,
        null,
        9,
        null,
        null,
        null,
        null,
        null,
        1,
        8,
        null,
        8,
        7,
        7,
        311,
        311,
        159,
        null,
        152,
        null,
        null,
        null,
        null,
        8,
        null,
        null,
        null,
        null,
        null,
        1,
        null,
        8,
        1,
        null,
        7,
        7,
        311,
        311,
        311,
        null,
        null,
        null,
        8,
        null,
        null,
        null,
        null,
        null,
        null,
        1,
        null,
        12,
        12,
        520,
        520,
        null,
        null,
        12,
        null,
        null,
        null
      ],
      "/Users/Ed/Desktop/Sublime_Workspace_Personal/methodic/example_work/card_shuffler/app/models/deck.rb": [
        null,
        null,
        null,
        null,
        null,
        1,
        null,
        1,
        54,
        null,
        54,
        54,
        54,
        216,
        2808,
        null,
        null,
        null,
        null,
        1,
        21,
        21,
        null,
        null,
        21,
        null,
        null,
        null
      ]
    },
    "timestamp": 1428616831
  }
}
