{
  "RSpec": {
    "coverage": {
      "/Users/Ed/Desktop/Sublime_Workspace_Personal/methodic/example_work/card_shuffler/spec/models/card_spec.rb": [
        1,
        null,
        1,
        1,
        1,
        null,
        null,
        1,
        1,
        null,
        null,
        1,
        1,
        null,
        null,
        1,
        2,
        null,
        null,
        1,
        2,
        null,
        null,
        1,
        null,
        1,
        1,
        1,
        null,
        null,
        1,
        1,
        1,
        null,
        null,
        null,
        null,
        1,
        null,
        1,
        1,
        1,
        null,
        null,
        1,
        1,
        1,
        null,
        null,
        null,
        null,
        1,
        null,
        1,
        14,
        1,
        null,
        null,
        1,
        1,
        1,
        null,
        null,
        null,
        null,
        1,
        null,
        1,
        1,
        1,
        null,
        null,
        null,
        null,
        1,
        1,
        1,
        1,
        1,
        null,
        1,
        null,
        null,
        1,
        1,
        1,
        1,
        null,
        1,
        null,
        1,
        null,
        null,
        null,
        1,
        null,
        1,
        1,
        35,
        1,
        null,
        null,
        null,
        null
      ],
      "/Users/Ed/Desktop/Sublime_Workspace_Personal/methodic/example_work/card_shuffler/spec/rails_helper.rb": [
        null,
        1,
        1,
        1,
        1,
        null,
        null,
        null,
        null,
        null,
        null,
        null,
        null,
        null,
        null,
        null,
        null,
        null,
        null,
        null,
        null,
        null,
        null,
        null,
        1,
        null,
        1,
        null,
        1,
        null,
        null,
        null,
        null,
        1,
        null,
        null,
        null,
        null,
        null,
        null,
        null,
        null,
        null,
        null,
        null,
        null,
        null,
        null,
        1,
        null
      ],
      "/Users/Ed/Desktop/Sublime_Workspace_Personal/methodic/example_work/card_shuffler/config/environment.rb": [
        null,
        1,
        null,
        null,
        1
      ],
      "/Users/Ed/Desktop/Sublime_Workspace_Personal/methodic/example_work/card_shuffler/config/application.rb": [
        1,
        null,
        1,
        null,
        1,
        1,
        1,
        1,
        1,
        1,
        1,
        null,
        null,
        null,
        null,
        1,
        null,
        1,
        1,
        null,
        null,
        null,
        null,
        null,
        null,
        null,
        null,
        null,
        null,
        null,
        null,
        null,
        1,
        null,
        null
      ],
      "/Users/Ed/Desktop/Sublime_Workspace_Personal/methodic/example_work/card_shuffler/config/boot.rb": [
        1,
        null,
        1
      ],
      "/Users/Ed/Desktop/Sublime_Workspace_Personal/methodic/example_work/card_shuffler/config/environments/test.rb": [
        1,
        null,
        null,
        null,
        null,
        null,
        null,
        1,
        null,
        null,
        null,
        null,
        1,
        null,
        null,
        1,
        1,
        null,
        null,
        1,
        1,
        null,
        null,
        1,
        null,
        null,
        1,
        null,
        null,
        null,
        null,
        1,
        null,
        null,
        1,
        null,
        null,
        1,
        null,
        null,
        null,
        null
      ],
      "/Users/Ed/Desktop/Sublime_Workspace_Personal/methodic/example_work/card_shuffler/config/initializers/assets.rb": [
        null,
        null,
        null,
        1,
        null,
        null,
        null,
        null,
        null,
        null,
        null
      ],
      "/Users/Ed/Desktop/Sublime_Workspace_Personal/methodic/example_work/card_shuffler/config/initializers/backtrace_silencers.rb": [
        null,
        null,
        null,
        null,
        null,
        null,
        null
      ],
      "/Users/Ed/Desktop/Sublime_Workspace_Personal/methodic/example_work/card_shuffler/config/initializers/cookies_serializer.rb": [
        null,
        null,
        1
      ],
      "/Users/Ed/Desktop/Sublime_Workspace_Personal/methodic/example_work/card_shuffler/config/initializers/filter_parameter_logging.rb": [
        null,
        null,
        null,
        1
      ],
      "/Users/Ed/Desktop/Sublime_Workspace_Personal/methodic/example_work/card_shuffler/config/initializers/inflections.rb": [
        null,
        null,
        null,
        null,
        null,
        null,
        null,
        null,
        null,
        null,
        null,
        null,
        null,
        null,
        null,
        null
      ],
      "/Users/Ed/Desktop/Sublime_Workspace_Personal/methodic/example_work/card_shuffler/config/initializers/mime_types.rb": [
        null,
        null,
        null,
        null
      ],
      "/Users/Ed/Desktop/Sublime_Workspace_Personal/methodic/example_work/card_shuffler/config/initializers/session_store.rb": [
        null,
        null,
        1
      ],
      "/Users/Ed/Desktop/Sublime_Workspace_Personal/methodic/example_work/card_shuffler/config/initializers/wrap_parameters.rb": [
        null,
        null,
        null,
        null,
        null,
        null,
        1,
        1,
        null,
        null,
        null,
        null,
        null,
        null
      ],
      "/Users/Ed/Desktop/Sublime_Workspace_Personal/methodic/example_work/card_shuffler/config/routes.rb": [
        1,
        null,
        1,
        null,
        1,
        null,
        null
      ],
      "/Users/Ed/Desktop/Sublime_Workspace_Personal/methodic/example_work/card_shuffler/app/helpers/application_helper.rb": [
        1,
        null
      ],
      "/Users/Ed/Desktop/Sublime_Workspace_Personal/methodic/example_work/card_shuffler/app/models/card.rb": [
        null,
        null,
        null,
        null,
        1,
        1,
        1,
        1,
        1,
        1,
        1,
        null,
        1,
        1,
        1,
        1,
        1,
        1,
        null,
        1,
        null,
        1,
        3315,
        3235,
        null,
        null,
        3235,
        null,
        null,
        80,
        null,
        null,
        3315,
        null,
        3315,
        3314,
        null,
        null,
        null,
        1,
        7,
        null,
        null,
        null,
        1,
        2,
        null,
        null,
        null,
        1,
        3494,
        3494,
        null,
        null,
        null,
        null,
        1,
        3,
        3,
        null,
        3,
        null,
        null,
        null,
        null,
        1,
        2,
        null,
        2,
        2,
        2,
        null,
        2,
        null,
        null,
        null,
        null,
        1,
        90,
        90,
        90,
        null,
        null,
        1,
        null,
        null,
        null,
        1,
        3237,
        3,
        null,
        3234,
        null,
        null,
        null,
        null
      ],
      "/Users/Ed/Desktop/Sublime_Workspace_Personal/methodic/example_work/card_shuffler/spec/models/card_stack_spec.rb": [
        1,
        null,
        1,
        1,
        21,
        21,
        null,
        null,
        1,
        21,
        7,
        null,
        7,
        2,
        null,
        null,
        5,
        null,
        null,
        null,
        1,
        1,
        2,
        null,
        null,
        null,
        1,
        1,
        1,
        1,
        null,
        1,
        null,
        null,
        null,
        1,
        1,
        2,
        null,
        null,
        1,
        2,
        null,
        null,
        null,
        1,
        1,
        1,
        1,
        null,
        1,
        null,
        null,
        1,
        2,
        null,
        null,
        null,
        1,
        1,
        1,
        1,
        null,
        1,
        null,
        1,
        null,
        null,
        1,
        1,
        1,
        null,
        1,
        null,
        1,
        null,
        null,
        1,
        1,
        1,
        null,
        1,
        null,
        1,
        null,
        null,
        1,
        1,
        2,
        null,
        null,
        null,
        1,
        1,
        1,
        1,
        null,
        1,
        null,
        null,
        1,
        1,
        1,
        null,
        1,
        null,
        1,
        null,
        null,
        null,
        1,
        1,
        1,
        null,
        null,
        1,
        1,
        1,
        null,
        1,
        null,
        null,
        1,
        1,
        1,
        1,
        null,
        1,
        null,
        null,
        1,
        1,
        1,
        null,
        1,
        null,
        null,
        1,
        1,
        1,
        1,
        null,
        1,
        null,
        null,
        null,
        1,
        1,
        1,
        1,
        null,
        1,
        null,
        null,
        null,
        1,
        null,
        1,
        3,
        27,
        9,
        null,
        null,
        3,
        null,
        null,
        1,
        1,
        1,
        null,
        1,
        1,
        null,
        1,
        null,
        null,
        1,
        1,
        1,
        null,
        1,
        null,
        1,
        null,
        null,
        1,
        1,
        1,
        1,
        1,
        null,
        1,
        null,
        1,
        null,
        null,
        null
      ],
      "/Users/Ed/Desktop/Sublime_Workspace_Personal/methodic/example_work/card_shuffler/app/models/card_stack.rb": [
        null,
        null,
        null,
        1,
        null,
        1,
        292,
        292,
        1129,
        1129,
        null,
        null,
        null,
        null,
        1,
        6801,
        6800,
        null,
        null,
        null,
        1,
        1583,
        null,
        null,
        null,
        null,
        1,
        676,
        674,
        null,
        674,
        null,
        null,
        null,
        1,
        2893,
        null,
        2892,
        2892,
        2892,
        null,
        null,
        null,
        1,
        524,
        null,
        479,
        479,
        null,
        478,
        null,
        null,
        null,
        null,
        1,
        3,
        3,
        null,
        3,
        null,
        null,
        null,
        1,
        7929,
        null,
        null,
        null,
        1,
        73,
        73,
        3412,
        3412,
        null,
        73,
        null,
        null,
        null,
        null,
        null,
        1,
        152,
        152,
        null,
        null,
        152,
        null,
        152,
        2705,
        null,
        null,
        null,
        1,
        null,
        1,
        8606,
        null,
        null,
        1,
        4517,
        null,
        null,
        null,
        null,
        1,
        4517,
        1097,
        null,
        null,
        null
      ],
      "/Users/Ed/Desktop/Sublime_Workspace_Personal/methodic/example_work/card_shuffler/spec/models/deck_spec.rb": [
        1,
        null,
        1,
        null,
        1,
        3,
        3,
        3,
        null,
        3,
        156,
        null,
        null,
        3,
        1,
        null,
        null,
        2,
        null,
        null,
        1,
        1,
        1,
        null,
        1,
        null,
        null,
        1,
        1,
        null,
        1,
        null,
        null,
        1,
        1,
        null,
        29,
        29,
        1,
        null,
        null,
        1,
        1,
        1,
        null,
        null,
        null
      ],
      "/Users/Ed/Desktop/Sublime_Workspace_Personal/methodic/example_work/card_shuffler/spec/services/shuffler_spec.rb": [
        1,
        null,
        1,
        1,
        53,
        53,
        53,
        null,
        null,
        1,
        28,
        4,
        4,
        null,
        4,
        4,
        20,
        null,
        null,
        4,
        null,
        null,
        1,
        8,
        8,
        null,
        null,
        8,
        8,
        null,
        null,
        8,
        8,
        null,
        null,
        8,
        8,
        null,
        null,
        8,
        8,
        8,
        8,
        null,
        null,
        null,
        1,
        1,
        5,
        5,
        null,
        null,
        1,
        null,
        null,
        1,
        1,
        6,
        6,
        null,
        null,
        1,
        null,
        1,
        1,
        null,
        null,
        null,
        1,
        1,
        11,
        11,
        null,
        null,
        1,
        null,
        1,
        1,
        null,
        null,
        1,
        1,
        null,
        null,
        1,
        1,
        2,
        null,
        null,
        1,
        1,
        2,
        null,
        null,
        1,
        1,
        1,
        1,
        null,
        1,
        null,
        null,
        1,
        1,
        1,
        1,
        1,
        null,
        1,
        null,
        null,
        null,
        1,
        1,
        7,
        7,
        null,
        null,
        1,
        null,
        1,
        1,
        null,
        null,
        1,
        1,
        1,
        null,
        1,
        null,
        null,
        null,
        1,
        1,
        7,
        7,
        null,
        null,
        1,
        null,
        1,
        1,
        null,
        null,
        1,
        1,
        1,
        1,
        null,
        1,
        null,
        null,
        null,
        1,
        1,
        6,
        6,
        null,
        null,
        1,
        null,
        1,
        1,
        1,
        null,
        1,
        null,
        null,
        null,
        1,
        1,
        6,
        6,
        null,
        null,
        1,
        null,
        1,
        1,
        1,
        null,
        1,
        null,
        null,
        null,
        1,
        1,
        5,
        5,
        null,
        null,
        1,
        null,
        null
      ],
      "/Users/Ed/Desktop/Sublime_Workspace_Personal/methodic/example_work/card_shuffler/app/services/shuffler.rb": [
        null,
        null,
        null,
        null,
        null,
        1,
        null,
        1,
        6,
        null,
        null,
        null,
        1,
        null,
        7,
        1,
        null,
        6,
        6,
        6,
        null,
        7,
        null,
        null,
        null,
        null,
        1,
        16,
        2,
        null,
        null,
        14,
        null,
        14,
        13,
        13,
        null,
        null,
        13,
        null,
        13,
        null,
        13,
        null,
        1,
        null,
        null,
        12,
        106,
        106,
        106,
        null,
        null,
        null,
        null,
        null,
        14,
        null,
        null,
        null,
        null,
        1,
        9,
        null,
        9,
        8,
        null,
        null,
        8,
        null,
        null,
        null,
        8,
        185,
        null,
        null,
        null,
        null,
        9,
        null,
        null,
        null,
        null,
        null,
        1,
        null,
        51,
        9,
        80,
        370,
        370,
        null,
        null,
        null,
        null,
        null,
        9,
        null,
        9,
        null,
        9,
        null,
        null,
        null,
        null,
        null,
        1,
        9,
        null,
        9,
        8,
        8,
        362,
        362,
        185,
        null,
        177,
        null,
        null,
        null,
        null,
        9,
        null,
        null,
        null,
        null,
        null,
        1,
        null,
        8,
        1,
        null,
        7,
        7,
        311,
        311,
        311,
        null,
        null,
        null,
        8,
        null,
        null,
        null,
        null,
        null,
        null,
        1,
        null,
        12,
        12,
        520,
        520,
        null,
        null,
        12,
        null,
        null,
        1,
        null,
        null,
        1,
        13,
        13,
        1,
        null,
        12,
        null,
        null,
        null,
        null,
        null,
        1,
        null,
        106,
        null,
        106,
        null,
        12,
        null,
        null,
        55,
        null,
        null,
        39,
        39,
        null,
        null,
        106,
        106,
        null,
        106,
        null,
        106,
        null,
        106,
        null,
        null,
        null
      ],
      "/Users/Ed/Desktop/Sublime_Workspace_Personal/methodic/example_work/card_shuffler/app/models/deck.rb": [
        null,
        null,
        null,
        null,
        null,
        1,
        null,
        1,
        62,
        null,
        62,
        62,
        62,
        248,
        3224,
        null,
        null,
        null,
        null,
        1,
        64,
        64,
        null,
        null,
        64,
        null,
        null,
        null
      ]
    },
    "timestamp": 1428789835
  }
}
